<?xml version="1.0" encoding="UTF-8"?>
<!-- Generated by org.testng.reporters.JUnitReportReporter -->
<testsuite skipped="0" hostname="Nirbhay-PC" name="com.parameters.DataProviderClass" tests="2" failures="0" timestamp="20 Jun 2019 10:15:26 GMT" time="0.110" errors="0">
  <testcase name="loginTest" time="0.110" classname="com.parameters.DataProviderClass"/>
  <testcase name="loginTest" time="0.000" classname="com.parameters.DataProviderClass"/>
</testsuite> <!-- com.parameters.DataProviderClass -->
