<?xml version="1.0" encoding="UTF-8"?>
<!-- Generated by org.testng.reporters.JUnitReportReporter -->
<testsuite skipped="0" hostname="Nirbhay-PC" name="com.naveen.testng.Asserts" tests="1" failures="0" timestamp="15 Feb 2019 12:47:48 GMT" time="59.479" errors="0">
  <testcase name="f" time="59.479" classname="com.naveen.testng.Asserts"/>
</testsuite> <!-- com.naveen.testng.Asserts -->
