<?xml version="1.0" encoding="UTF-8"?>
<!-- Generated by org.testng.reporters.JUnitReportReporter -->
<testsuite skipped="0" hostname="Nirbhay-PC" name="com.naveen.testng.TestNgFeatures" tests="4" failures="0" timestamp="28 Mar 2019 05:51:19 GMT" time="0.024" errors="0">
  <testcase name="loginTest" time="0.018" classname="com.naveen.testng.TestNgFeatures"/>
  <testcase name="homePageTest" time="0.003" classname="com.naveen.testng.TestNgFeatures"/>
  <testcase name="RegPagetest" time="0.002" classname="com.naveen.testng.TestNgFeatures"/>
  <testcase name="SearchPageTest" time="0.001" classname="com.naveen.testng.TestNgFeatures"/>
</testsuite> <!-- com.naveen.testng.TestNgFeatures -->
