<?xml version="1.0" encoding="UTF-8"?>
<!-- Generated by org.testng.reporters.JUnitReportReporter -->
<testsuite skipped="0" hostname="Nirbhay-PC" name="com.naveen.testng.GoogleTitleTest" tests="2" failures="0" timestamp="14 Feb 2019 11:45:24 GMT" time="18.248" errors="0">
  <testcase name="googleLogoTest" time="7.622" classname="com.naveen.testng.GoogleTitleTest"/>
  <testcase name="googleTitletest" time="10.626" classname="com.naveen.testng.GoogleTitleTest"/>
</testsuite> <!-- com.naveen.testng.GoogleTitleTest -->
