<?xml version="1.0" encoding="UTF-8"?>
<!-- Generated by org.testng.reporters.JUnitReportReporter -->
<testsuite skipped="0" hostname="Nirbhay-PC" name="com.naveen.testng.ExceptionTimeOutTest" tests="1" failures="0" timestamp="28 Mar 2019 05:38:25 GMT" time="0.014" errors="0">
  <testcase name="test1" time="0.014" classname="com.naveen.testng.ExceptionTimeOutTest"/>
</testsuite> <!-- com.naveen.testng.ExceptionTimeOutTest -->
