<?xml version="1.0" encoding="UTF-8"?>
<!-- Generated by org.testng.reporters.JUnitReportReporter -->
<testsuite skipped="0" hostname="Nirbhay-PC" name="datadriven.test.FresherWorldTest" tests="1" failures="0" timestamp="28 Mar 2019 04:35:37 GMT" time="11.557" errors="0">
  <testcase name="fresherWorldRegPageTest" time="11.557" classname="datadriven.test.FresherWorldTest"/>
</testsuite> <!-- datadriven.test.FresherWorldTest -->
