<?xml version="1.0" encoding="UTF-8"?>
<!-- Generated by org.testng.reporters.JUnitReportReporter -->
<testsuite skipped="0" hostname="Nirbhay-PC" name="com.naveen.testng.InvocationCountTes" tests="10" failures="0" timestamp="28 Mar 2019 05:45:31 GMT" time="0.025" errors="0">
  <testcase name="sum" time="0.001" classname="com.naveen.testng.InvocationCountTes"/>
  <testcase name="sum" time="0.001" classname="com.naveen.testng.InvocationCountTes"/>
  <testcase name="sum" time="0.002" classname="com.naveen.testng.InvocationCountTes"/>
  <testcase name="sum" time="0.001" classname="com.naveen.testng.InvocationCountTes"/>
  <testcase name="sum" time="0.002" classname="com.naveen.testng.InvocationCountTes"/>
  <testcase name="sum" time="0.001" classname="com.naveen.testng.InvocationCountTes"/>
  <testcase name="sum" time="0.013" classname="com.naveen.testng.InvocationCountTes"/>
  <testcase name="sum" time="0.002" classname="com.naveen.testng.InvocationCountTes"/>
  <testcase name="sum" time="0.001" classname="com.naveen.testng.InvocationCountTes"/>
  <testcase name="sum" time="0.001" classname="com.naveen.testng.InvocationCountTes"/>
</testsuite> <!-- com.naveen.testng.InvocationCountTes -->
