<?xml version="1.0" encoding="UTF-8"?>
<!-- Generated by org.testng.reporters.JUnitReportReporter -->
<testsuite skipped="0" hostname="Nirbhay-PC" name="com.naveen.testng.TestNgBasics" tests="2" failures="0" timestamp="28 Mar 2019 05:49:03 GMT" time="0.009" errors="0">
  <testcase name="googleTitleTest" time="0.002" classname="com.naveen.testng.TestNgBasics"/>
  <testcase name="SearchTest" time="0.007" classname="com.naveen.testng.TestNgBasics"/>
</testsuite> <!-- com.naveen.testng.TestNgBasics -->
